<?xml version="1.0" encoding="UTF-8"?>
<!-- Generated by org.testng.reporters.JUnitXMLReporter -->
<testsuite ignored="0" hostname="NX00350" failures="1" tests="6" name="Surefire test" time="47.243" errors="0" timestamp="2023-09-20T15:18:21 PKT">
  <testcase classname="com.tutorialsninja.qa.testcases.LoginTest" name="verifyLoginWithInvalidCredentials" time="3.651"/>
  <testcase classname="com.tutorialsninja.qa.testcases.LoginTest" name="verifyLoginWithValidCredentials" time="3.803"/>
  <testcase classname="com.tutorialsninja.qa.testcases.RegisterTest" name="registerAccountWithAllFields" time="2.275"/>
  <testcase classname="com.tutorialsninja.qa.testcases.RegisterTest" name="registerAccountWithAlreadyExistingCredentials" time="1.182"/>
  <testcase classname="com.tutorialsninja.qa.testcases.SearchTest" name="searchWithNonExistingProductName" time="0.658">
    <failure type="java.lang.AssertionError" message="Product is not displayed expected [null] but found [There is no product that matches the search criteria.]">
      <![CDATA[java.lang.AssertionError: Product is not displayed expected [null] but found [There is no product that matches the search criteria.]
at com.tutorialsninja.qa.testcases.SearchTest.searchWithNonExistingProductName(SearchTest.java:49)
at java.base/java.util.ArrayList.forEach(ArrayList.java:1511)
... Removed 35 stack frames]]>
    </failure>
  </testcase> <!-- searchWithNonExistingProductName -->
  <testcase classname="com.tutorialsninja.qa.testcases.SearchTest" name="searchWithExistingProductName" time="3.572"/>
</testsuite> <!-- Surefire test -->
