<?xml version="1.0" encoding="UTF-8"?>
<!-- Generated by org.testng.reporters.JUnitXMLReporter -->
<testsuite ignored="1" hostname="NX00350" failures="0" tests="5" name="Test" time="46.526" errors="0" timestamp="2023-10-12T19:44:13 PKT">
  <testcase classname="com.tutorialsninja.qa.testcases.RegisterTest" name="registerAccountWithAlreadyExistingCredentials" time="1.956"/>
  <testcase classname="com.tutorialsninja.qa.testcases.LoginTest" name="verifyLoginWithInvalidCredentials" time="3.681"/>
  <testcase classname="com.tutorialsninja.qa.testcases.LoginTest" name="verifyLoginWithValidCredentials" time="3.831"/>
  <testcase classname="com.tutorialsninja.qa.testcases.SearchTest" name="searchWithNonExistingProductName" time="3.521"/>
  <testcase classname="com.tutorialsninja.qa.testcases.SearchTest" name="searchWithExistingProductName" time="3.588"/>
  <testcase classname="com.tutorialsninja.qa.testcases.RegisterTest" name="registerAccountWithAllFields" time="0.0">
    <ignored/>
  </testcase> <!-- registerAccountWithAllFields -->
</testsuite> <!-- Test -->
