<?xml version="1.0" encoding="UTF-8"?>
<!-- Generated by org.testng.reporters.JUnitXMLReporter -->
<testsuite ignored="1" hostname="NX00350" failures="0" tests="1" name="Test" time="8.248" errors="0" timestamp="2023-10-18T13:10:39 PKT">
  <testcase classname="com.tutorialsninja.qa.testcases.RegisterTest" name="registerAccountWithAlreadyExistingCredentials" time="1.257"/>
  <testcase classname="com.tutorialsninja.qa.testcases.RegisterTest" name="registerAccountWithAllFields" time="0.0">
    <ignored/>
  </testcase> <!-- registerAccountWithAllFields -->
</testsuite> <!-- Test -->
